{
  "stats": {
    "suites": 1,
    "tests": 1,
    "passes": 1,
    "pending": 0,
    "failures": 0,
    "start": "2024-10-31T12:42:41.070Z",
    "end": "2024-10-31T12:44:00.262Z",
    "duration": 79192,
    "testsRegistered": 1,
    "passPercent": 100,
    "pendingPercent": 0,
    "other": 0,
    "hasOther": false,
    "skipped": 0,
    "hasSkipped": false
  },
  "results": [
    {
      "uuid": "ebd473a9-8716-45f8-902f-19beb9a16d15",
      "title": "",
      "fullFile": "cypress/e2e/VerbatimList.cy.js",
      "file": "cypress/e2e/VerbatimList.cy.js",
      "beforeHooks": [],
      "afterHooks": [],
      "tests": [],
      "suites": [
        {
          "uuid": "0fe66b42-8850-4a6d-8ddd-3b11beee0754",
          "title": "Login and navigate to SCB Hottopic",
          "fullFile": "",
          "file": "",
          "beforeHooks": [],
          "afterHooks": [],
          "tests": [
            {
              "title": "Should navigate to SCB Hottopic page",
              "fullTitle": "Login and navigate to SCB Hottopic Should navigate to SCB Hottopic page",
              "timedOut": null,
              "duration": 77235,
              "state": "passed",
              "speed": "slow",
              "pass": true,
              "fail": false,
              "pending": false,
              "context": null,
              "code": "Step1();\nconst caseID = data.map(item => item.PARENT_CASENUMBER);\nconst searchTerms = data.map(item => item.PARENT_CASENUMBER);\nconst combinedTerms = data.map(item => `${item.PARENT_PROCESS_ADD_INFO_1__C || ''} ${item.PARENT_PROCESS_ADD_INFO_2__C || ''} ${item.PARENT_PROCESS_ADD_INFO_3__C || ''}`.trim());\n//const searchTerms =  data.map(item => item.PARENT_TYPE__C);// Use PARENT_CASENUMBER as terms\n/* Search in Search Case ID */\n//SearchCaseID(caseID, searchTerms); /* PARENT_CASENUMBER */\n//cy.log('Click Click Export Button');\n//clickbt('button.export-file');  \n/** Search PARENT.CASENUMBER to input search caseID and screenshot*/\n//SearchWord('input[placeholder=\"Search keyword by Verbatim\"]', caseID, searchTerms); /* PARENT_CASENUMBER */\n//SearchWord('input[placeholder=\"Search keyword by Verbatim\"]', caseID, searchTerms); /* PARENT_TYPE__C */\nSearchWord('input[placeholder=\"Search keyword by Verbatim\"]', caseID, combinedTerms); /* PARENT_PROCESS_ADD_INFO_1__C */",
              "err": {},
              "uuid": "72d4259c-8b13-40b6-ae7f-3a7fab2e26bb",
              "parentUUID": "0fe66b42-8850-4a6d-8ddd-3b11beee0754",
              "isHook": false,
              "skipped": false
            }
          ],
          "suites": [],
          "passes": [
            "72d4259c-8b13-40b6-ae7f-3a7fab2e26bb"
          ],
          "failures": [],
          "pending": [],
          "skipped": [],
          "duration": 77235,
          "root": false,
          "rootEmpty": false,
          "_timeout": 2000
        }
      ],
      "passes": [],
      "failures": [],
      "pending": [],
      "skipped": [],
      "duration": 0,
      "root": true,
      "rootEmpty": true,
      "_timeout": 2000
    }
  ],
  "meta": {
    "mocha": {
      "version": "7.0.1"
    },
    "mochawesome": {
      "options": {
        "quiet": false,
        "reportFilename": "mochawesome",
        "saveHtml": true,
        "saveJson": true,
        "consoleReporter": "spec",
        "useInlineDiffs": false,
        "code": true
      },
      "version": "7.1.3"
    },
    "marge": {
      "options": {
        "reportDir": "cypress/reports/mochawesome",
        "overwrite": true,
        "html": true,
        "json": true
      },
      "version": "6.2.0"
    }
  }
}