{
  "stats": {
    "suites": 1,
    "tests": 1,
    "passes": 1,
    "pending": 0,
    "failures": 0,
    "start": "2024-10-31T11:56:07.895Z",
    "end": "2024-10-31T11:57:26.769Z",
    "duration": 78874,
    "testsRegistered": 1,
    "passPercent": 100,
    "pendingPercent": 0,
    "other": 0,
    "hasOther": false,
    "skipped": 0,
    "hasSkipped": false
  },
  "results": [
    {
      "uuid": "f1a12373-1dda-4720-9c37-ac3d96eb8f01",
      "title": "",
      "fullFile": "cypress/e2e/VerbatimList.cy.js",
      "file": "cypress/e2e/VerbatimList.cy.js",
      "beforeHooks": [],
      "afterHooks": [],
      "tests": [],
      "suites": [
        {
          "uuid": "5db62404-2427-4c02-bf9d-4190e17820db",
          "title": "Login and navigate to SCB Hottopic",
          "fullFile": "",
          "file": "",
          "beforeHooks": [],
          "afterHooks": [],
          "tests": [
            {
              "title": "Should navigate to SCB Hottopic page",
              "fullTitle": "Login and navigate to SCB Hottopic Should navigate to SCB Hottopic page",
              "timedOut": null,
              "duration": 76944,
              "state": "passed",
              "speed": "slow",
              "pass": true,
              "fail": false,
              "pending": false,
              "context": null,
              "code": "Step1();\nconst caseID = data.map(item => item.PARENT_CASENUMBER);\nconst searchTerms = data.map(item => item.PARENT_CASENUMBER);\nconst combinedTerms = data.map(item => `${item.PARENT_PROCESS_ADD_INFO_1__C || ''} ${item.PARENT_PROCESS_ADD_INFO_2__C || ''} ${item.PARENT_PROCESS_ADD_INFO_3__C || ''}`.trim());\n//const searchTerms =  data.map(item => item.PARENT_TYPE__C);// Use PARENT_CASENUMBER as terms\n/* Search in Search Case ID */\n//SearchCaseID(caseID, searchTerms); /* PARENT_CASENUMBER */\n//cy.log('Click Click Export Button');\n//clickbt('button.export-file');  \n/** Search PARENT.CASENUMBER to input search caseID and screenshot*/\n//SearchWord('input[placeholder=\"Search keyword by Verbatim\"]', caseID, searchTerms); /* PARENT_CASENUMBER */\n//SearchWord('input[placeholder=\"Search keyword by Verbatim\"]', caseID, searchTerms); /* PARENT_TYPE__C */\nSearchWord('input[placeholder=\"Search keyword by Verbatim\"]', caseID, combinedTerms); /* PARENT_PROCESS_ADD_INFO_1__C */",
              "err": {},
              "uuid": "f1769953-522e-486f-8d26-2246d3210383",
              "parentUUID": "5db62404-2427-4c02-bf9d-4190e17820db",
              "isHook": false,
              "skipped": false
            }
          ],
          "suites": [],
          "passes": [
            "f1769953-522e-486f-8d26-2246d3210383"
          ],
          "failures": [],
          "pending": [],
          "skipped": [],
          "duration": 76944,
          "root": false,
          "rootEmpty": false,
          "_timeout": 2000
        }
      ],
      "passes": [],
      "failures": [],
      "pending": [],
      "skipped": [],
      "duration": 0,
      "root": true,
      "rootEmpty": true,
      "_timeout": 2000
    }
  ],
  "meta": {
    "mocha": {
      "version": "7.0.1"
    },
    "mochawesome": {
      "options": {
        "quiet": false,
        "reportFilename": "mochawesome",
        "saveHtml": false,
        "saveJson": true,
        "consoleReporter": "spec",
        "useInlineDiffs": false,
        "code": true
      },
      "version": "7.1.3"
    },
    "marge": {
      "options": {
        "reportDir": "cypress/reports/mochawesome",
        "overwrite": false,
        "html": false,
        "json": true
      },
      "version": "6.2.0"
    }
  }
}